2021-11-15 11:01:25.544  INFO 13712 --- [main] SpringBootCoreDataJpaMvcRest1Application : Starting TimesheetSpringBootCoreDataJpaMvcRest1Application on DESKTOP-DD948BR with PID 13712 (C:\Users\Siwar\eclipse-workspace\Timesheet-spring-boot-core-data-jpa-mvc-REST-1\target\classes started by Siwar in C:\Users\Siwar\eclipse-workspace\Timesheet-spring-boot-core-data-jpa-mvc-REST-1)
2021-11-15 11:01:25.551  INFO 13712 --- [main] SpringBootCoreDataJpaMvcRest1Application : No active profile set, falling back to default profiles: default
2021-11-15 11:01:26.122  INFO 13712 --- [main] .s.d.r.c.RepositoryConfigurationDelegate : Bootstrapping Spring Data repositories in DEFAULT mode.
2021-11-15 11:01:26.187  INFO 13712 --- [main] .s.d.r.c.RepositoryConfigurationDelegate : Finished Spring Data repository scanning in 57ms. Found 6 repository interfaces.
2021-11-15 11:01:26.456  INFO 13712 --- [main] trationDelegate$BeanPostProcessorChecker : Bean 'org.springframework.transaction.annotation.ProxyTransactionManagementConfiguration' of type [org.springframework.transaction.annotation.ProxyTransactionManagementConfiguration$$EnhancerBySpringCGLIB$$c3b57879] is not eligible for getting processed by all BeanPostProcessors (for example: not eligible for auto-proxying)
2021-11-15 11:01:26.805  INFO 13712 --- [main] o.s.b.w.embedded.tomcat.TomcatWebServer  : Tomcat initialized with port(s): 8082 (http)
2021-11-15 11:01:26.828  INFO 13712 --- [main] o.apache.catalina.core.StandardService   : Starting service [Tomcat]
2021-11-15 11:01:26.828  INFO 13712 --- [main] org.apache.catalina.core.StandardEngine  : Starting Servlet engine: [Apache Tomcat/9.0.17]
2021-11-15 11:01:26.948  INFO 13712 --- [main] o.a.c.c.C.[.[localhost].[/SpringMVC]     : Initializing Spring embedded WebApplicationContext
2021-11-15 11:01:26.948  INFO 13712 --- [main] o.s.web.context.ContextLoader            : Root WebApplicationContext: initialization completed in 1355 ms
2021-11-15 11:01:27.074  INFO 13712 --- [main] com.zaxxer.hikari.HikariDataSource       : HikariPool-1 - Starting...
2021-11-15 11:01:27.167  INFO 13712 --- [main] com.zaxxer.hikari.HikariDataSource       : HikariPool-1 - Start completed.
2021-11-15 11:01:27.212  INFO 13712 --- [main] o.hibernate.jpa.internal.util.LogHelper  : HHH000204: Processing PersistenceUnitInfo [
	name: default
	...]
2021-11-15 11:01:27.297  INFO 13712 --- [main] org.hibernate.Version                    : HHH000412: Hibernate Core {5.3.9.Final}
2021-11-15 11:01:27.299  INFO 13712 --- [main] org.hibernate.cfg.Environment            : HHH000206: hibernate.properties not found
2021-11-15 11:01:27.541  INFO 13712 --- [main] o.hibernate.annotations.common.Version   : HCANN000001: Hibernate Commons Annotations {5.0.4.Final}
2021-11-15 11:01:27.733  INFO 13712 --- [main] org.hibernate.dialect.Dialect            : HHH000400: Using dialect: org.hibernate.dialect.MySQL5Dialect
2021-11-15 11:01:28.673  INFO 13712 --- [main] o.h.t.schema.internal.SchemaCreatorImpl  : HHH000476: Executing import script 'org.hibernate.tool.schema.internal.exec.ScriptSourceInputNonExistentImpl@7131d668'
2021-11-15 11:01:28.674  INFO 13712 --- [main] j.LocalContainerEntityManagerFactoryBean : Initialized JPA EntityManagerFactory for persistence unit 'default'
2021-11-15 11:01:28.938  INFO 13712 --- [main] o.h.h.i.QueryTranslatorFactoryInitiator  : HHH000397: Using ASTQueryTranslatorFactory
2021-11-15 11:01:29.312  INFO 13712 --- [main] o.s.s.concurrent.ThreadPoolTaskExecutor  : Initializing ExecutorService 'applicationTaskExecutor'
2021-11-15 11:01:29.359  WARN 13712 --- [main] aWebConfiguration$JpaWebMvcConfiguration : spring.jpa.open-in-view is enabled by default. Therefore, database queries may be performed during view rendering. Explicitly configure spring.jpa.open-in-view to disable this warning
2021-11-15 11:01:29.504  INFO 13712 --- [main] o.s.b.w.embedded.tomcat.TomcatWebServer  : Tomcat started on port(s): 8082 (http) with context path '/SpringMVC'
2021-11-15 11:01:29.507  INFO 13712 --- [main] SpringBootCoreDataJpaMvcRest1Application : Started TimesheetSpringBootCoreDataJpaMvcRest1Application in 4.286 seconds (JVM running for 5.076)
2021-11-15 12:52:16.337  WARN 13712 --- [HikariPool-1 housekeeper] com.zaxxer.hikari.pool.HikariPool        : HikariPool-1 - Thread starvation or clock leap detected (housekeeper delta=21m47s661ms981µs800ns).
2021-11-15 14:12:58.177  WARN 13712 --- [HikariPool-1 housekeeper] com.zaxxer.hikari.pool.HikariPool        : HikariPool-1 - Thread starvation or clock leap detected (housekeeper delta=21m10s957ms932µs600ns).
2021-11-15 14:47:13.245  WARN 13712 --- [HikariPool-1 housekeeper] com.zaxxer.hikari.pool.HikariPool        : HikariPool-1 - Thread starvation or clock leap detected (housekeeper delta=18m44s763ms388µs600ns).
2021-11-15 17:40:02.835  INFO 12684 --- [main] tn.esprit.spring.EmployeeTest            : Starting EmployeeTest on DESKTOP-DD948BR with PID 12684 (started by Siwar in C:\Users\Siwar\eclipse-workspace\Timesheet-spring-boot-core-data-jpa-mvc-REST-1)
2021-11-15 17:40:02.838  INFO 12684 --- [main] tn.esprit.spring.EmployeeTest            : No active profile set, falling back to default profiles: default
2021-11-15 17:40:04.001  INFO 12684 --- [main] .s.d.r.c.RepositoryConfigurationDelegate : Bootstrapping Spring Data repositories in DEFAULT mode.
2021-11-15 17:40:04.137  INFO 12684 --- [main] .s.d.r.c.RepositoryConfigurationDelegate : Finished Spring Data repository scanning in 121ms. Found 6 repository interfaces.
2021-11-15 17:40:04.769  INFO 12684 --- [main] trationDelegate$BeanPostProcessorChecker : Bean 'org.springframework.transaction.annotation.ProxyTransactionManagementConfiguration' of type [org.springframework.transaction.annotation.ProxyTransactionManagementConfiguration$$EnhancerBySpringCGLIB$$27b7c626] is not eligible for getting processed by all BeanPostProcessors (for example: not eligible for auto-proxying)
2021-11-15 17:40:05.138  INFO 12684 --- [main] com.zaxxer.hikari.HikariDataSource       : HikariPool-1 - Starting...
2021-11-15 17:40:05.439  INFO 12684 --- [main] com.zaxxer.hikari.HikariDataSource       : HikariPool-1 - Start completed.
2021-11-15 17:40:05.753  INFO 12684 --- [main] o.hibernate.jpa.internal.util.LogHelper  : HHH000204: Processing PersistenceUnitInfo [
	name: default
	...]
2021-11-15 17:40:05.873  INFO 12684 --- [main] org.hibernate.Version                    : HHH000412: Hibernate Core {5.3.9.Final}
2021-11-15 17:40:05.876  INFO 12684 --- [main] org.hibernate.cfg.Environment            : HHH000206: hibernate.properties not found
2021-11-15 17:40:06.172  INFO 12684 --- [main] o.hibernate.annotations.common.Version   : HCANN000001: Hibernate Commons Annotations {5.0.4.Final}
2021-11-15 17:40:06.536  INFO 12684 --- [main] org.hibernate.dialect.Dialect            : HHH000400: Using dialect: org.hibernate.dialect.MySQL5Dialect
2021-11-15 17:40:08.641  INFO 12684 --- [main] o.h.t.schema.internal.SchemaCreatorImpl  : HHH000476: Executing import script 'org.hibernate.tool.schema.internal.exec.ScriptSourceInputNonExistentImpl@5f5a33ed'
2021-11-15 17:40:08.647  INFO 12684 --- [main] j.LocalContainerEntityManagerFactoryBean : Initialized JPA EntityManagerFactory for persistence unit 'default'
2021-11-15 17:40:09.325  INFO 12684 --- [main] o.h.h.i.QueryTranslatorFactoryInitiator  : HHH000397: Using ASTQueryTranslatorFactory
2021-11-15 17:40:10.852  INFO 12684 --- [main] o.s.s.concurrent.ThreadPoolTaskExecutor  : Initializing ExecutorService 'applicationTaskExecutor'
2021-11-15 17:40:10.943  WARN 12684 --- [main] aWebConfiguration$JpaWebMvcConfiguration : spring.jpa.open-in-view is enabled by default. Therefore, database queries may be performed during view rendering. Explicitly configure spring.jpa.open-in-view to disable this warning
2021-11-15 17:40:11.514  INFO 12684 --- [main] tn.esprit.spring.EmployeeTest            : Started EmployeeTest in 9.163 seconds (JVM running for 11.25)
2021-11-15 17:40:12.503  INFO 12684 --- [Thread-1] o.s.s.concurrent.ThreadPoolTaskExecutor  : Shutting down ExecutorService 'applicationTaskExecutor'
2021-11-15 17:40:12.506  INFO 12684 --- [Thread-1] j.LocalContainerEntityManagerFactoryBean : Closing JPA EntityManagerFactory for persistence unit 'default'
2021-11-15 17:40:12.510  INFO 12684 --- [Thread-1] com.zaxxer.hikari.HikariDataSource       : HikariPool-1 - Shutdown initiated...
2021-11-15 17:40:12.516  INFO 12684 --- [Thread-1] com.zaxxer.hikari.HikariDataSource       : HikariPool-1 - Shutdown completed.
